<?xml version="1.0" encoding="UTF-8"?>
<testng-results skipped="0" failed="0" ignored="0" total="1" passed="1">
  <reporter-output>
  </reporter-output>
  <suite name="Default suite" duration-ms="938" started-at="2017-11-02T05:49:25Z" finished-at="2017-11-02T05:49:26Z">
    <groups>
      <group name="cucumber">
        <method signature="AbstractTestNGCucumberTests.feature(cucumber.api.testng.CucumberFeatureWrapper)[pri:0, instance:appium.sampleapp.cucumber_testng.CukesRunnerTest@2d928643]" name="feature" class="cucumber.api.testng.AbstractTestNGCucumberTests"/>
      </group> <!-- cucumber -->
    </groups>
    <test name="Default test" duration-ms="938" started-at="2017-11-02T05:49:25Z" finished-at="2017-11-02T05:49:26Z">
      <class name="appium.sampleapp.cucumber_testng.CukesRunnerTest">
        <test-method status="PASS" signature="setUpClass()[pri:0, instance:appium.sampleapp.cucumber_testng.CukesRunnerTest@2d928643]" name="setUpClass" is-config="true" duration-ms="281" started-at="2017-11-02T11:19:25Z" finished-at="2017-11-02T11:19:25Z">
          <reporter-output>
          </reporter-output>
        </test-method> <!-- setUpClass -->
        <test-method status="PASS" signature="feature(cucumber.api.testng.CucumberFeatureWrapper)[pri:0, instance:appium.sampleapp.cucumber_testng.CukesRunnerTest@2d928643]" name="feature" duration-ms="453" started-at="2017-11-02T11:19:25Z" description="Runs Cucumber Feature" data-provider="features" finished-at="2017-11-02T11:19:25Z">
          <params>
            <param index="0">
              <value>
                <![CDATA[Basic Arithmetic]]>
              </value>
            </param>
          </params>
          <reporter-output>
          </reporter-output>
        </test-method> <!-- feature -->
        <test-method status="PASS" signature="tearDownClass()[pri:0, instance:appium.sampleapp.cucumber_testng.CukesRunnerTest@2d928643]" name="tearDownClass" is-config="true" duration-ms="47" started-at="2017-11-02T11:19:25Z" finished-at="2017-11-02T11:19:26Z">
          <reporter-output>
          </reporter-output>
        </test-method> <!-- tearDownClass -->
      </class> <!-- appium.sampleapp.cucumber_testng.CukesRunnerTest -->
    </test> <!-- Default test -->
  </suite> <!-- Default suite -->
</testng-results>
