<?xml version="1.0" encoding="UTF-8"?>
<testng-results skipped="0" failed="0" ignored="0" total="1" passed="1">
  <reporter-output>
  </reporter-output>
  <suite name="Suite" duration-ms="624" started-at="2017-11-02T06:01:54Z" finished-at="2017-11-02T06:01:54Z">
    <groups>
      <group name="cucumber">
        <method signature="AbstractTestNGCucumberTests.feature(cucumber.api.testng.CucumberFeatureWrapper)[pri:0, instance:appium.sampleapp.cucumber_testng.CukesRunnerTest@5afa04c]" name="feature" class="cucumber.api.testng.AbstractTestNGCucumberTests"/>
      </group> <!-- cucumber -->
    </groups>
    <test name="Test diary" duration-ms="624" started-at="2017-11-02T06:01:54Z" finished-at="2017-11-02T06:01:54Z">
      <class name="appium.sampleapp.cucumber_testng.CukesRunnerTest">
        <test-method status="PASS" signature="setUpClass()[pri:0, instance:appium.sampleapp.cucumber_testng.CukesRunnerTest@5afa04c]" name="setUpClass" is-config="true" duration-ms="276" started-at="2017-11-02T11:31:54Z" finished-at="2017-11-02T11:31:54Z">
          <reporter-output>
          </reporter-output>
        </test-method> <!-- setUpClass -->
        <test-method status="PASS" signature="feature(cucumber.api.testng.CucumberFeatureWrapper)[pri:0, instance:appium.sampleapp.cucumber_testng.CukesRunnerTest@5afa04c]" name="feature" duration-ms="215" started-at="2017-11-02T11:31:54Z" description="Runs Cucumber Feature" data-provider="features" finished-at="2017-11-02T11:31:54Z">
          <params>
            <param index="0">
              <value>
                <![CDATA[Basic Arithmetic]]>
              </value>
            </param>
          </params>
          <reporter-output>
          </reporter-output>
        </test-method> <!-- feature -->
        <test-method status="PASS" signature="tearDownClass()[pri:0, instance:appium.sampleapp.cucumber_testng.CukesRunnerTest@5afa04c]" name="tearDownClass" is-config="true" duration-ms="16" started-at="2017-11-02T11:31:54Z" finished-at="2017-11-02T11:31:54Z">
          <reporter-output>
          </reporter-output>
        </test-method> <!-- tearDownClass -->
      </class> <!-- appium.sampleapp.cucumber_testng.CukesRunnerTest -->
    </test> <!-- Test diary -->
  </suite> <!-- Suite -->
</testng-results>
